09:58:17.022 INFO  - Project 'puf_platform' created. You can now create BSPs and application projects targeting this hardware platform. 
10:04:54.721 INFO  - FPGA configured successfully with bitstream "/home/ise/ise_proj/puf_s6/edk/puf_platform/download.bit" 
10:09:12.052 INFO  - FPGA configured successfully with bitstream "/home/ise/ise_proj/puf_s6/edk/puf_platform/download.bit" 
10:09:54.619 INFO  - FPGA configured successfully with bitstream "/home/ise/ise_proj/puf_s6/edk/puf_platform/download.bit" 
10:19:23.592 INFO  - System reset is completed. 
10:19:55.453 INFO  - System reset is completed. 
10:20:54.368 INFO  - System reset is completed. 
10:21:13.903 INFO  - System reset is completed. 
10:22:36.105 INFO  - System reset is completed. 
10:23:30.146 INFO  - System reset is completed. 
10:26:17.230 INFO  - System reset is completed. 
10:27:06.111 INFO  - microblaze_mcs_v1_4_0 Processor is in use. Please stop existing Run or Debug sessions before launching. 
10:27:08.320 INFO  - System reset is completed. 
10:30:24.690 INFO  - microblaze_mcs_v1_4_0 Processor is in use. Please stop existing Run or Debug sessions before launching. 
10:30:27.772 INFO  - System reset is completed. 
10:32:50.958 INFO  - System reset is completed. 
10:51:49.704 INFO  - FPGA configured successfully with bitstream "/home/ise/ise_proj/puf_s6/edk/puf_platform/download.bit" 
10:59:07.551 INFO  - FPGA configured successfully with bitstream "/home/ise/ise_proj/puf_s6/edk/puf_platform/download.bit" 
10:59:18.015 INFO  - System reset is completed. 
11:21:14.723 INFO  - FPGA configured successfully with bitstream "/home/ise/ise_proj/puf_s6/edk/puf_platform/download.bit" 
11:22:06.852 INFO  - System reset is completed. 
11:28:30.213 INFO  - FPGA configured successfully with bitstream "/home/ise/ise_proj/puf_s6/edk/puf_platform/download.bit" 
11:29:00.051 INFO  - System reset is completed. 
11:35:40.196 INFO  - FPGA configured successfully with bitstream "/home/ise/ise_proj/puf_s6/edk/puf_platform/download.bit" 
11:46:02.001 INFO  - FPGA configured successfully with bitstream "/home/ise/ise_proj/puf_s6/edk/puf_platform/download.bit" 
11:52:50.219 ERROR - Unexpected error while parsing XMD response ￿: com.google.gson.JsonSyntaxException: com.google.gson.stream.MalformedJsonException: invalid number or unquoted string near  
12:13:53.038 INFO  - Project puf_platform's source hardware specification located at /home/ise/ise_proj/puf_s6/puf_proj/puf_proj.srcs/sources_1/ip/microblaze_mcs_v1_4_0/microblaze_mcs_v1_4_0_sdk.xml is now different from the local copy.
		 The local copy will be replaced with the source specification and your workspace will be updated. 
12:13:57.443 INFO  - Copied contents of /home/ise/ise_proj/puf_s6/puf_proj/puf_proj.srcs/sources_1/ip/microblaze_mcs_v1_4_0/microblaze_mcs_v1_4_0_sdk.xml into /puf_platform/system.xml. 
12:13:57.451 INFO  - Copied contents of /home/ise/ise_proj/puf_s6/puf_proj/puf_proj.srcs/sources_1/ip/microblaze_mcs_v1_4_0/microblaze_mcs_v1_4_0.bmm into /puf_platform/system_bd.bmm. 
12:13:57.587 INFO  - Synchronizing projects in the workspace with the hardware platform specification changes. 
12:13:59.296 INFO  - Updating hardware inferred compiler options for puf_single. 
12:13:59.366 INFO  - Clearing existing target manager status. 
12:15:45.745 INFO  - FPGA configured successfully with bitstream "/home/ise/ise_proj/puf_s6/edk/puf_platform/download.bit" 
12:23:46.768 INFO  - FPGA configured successfully with bitstream "/home/ise/ise_proj/puf_s6/edk/puf_platform/download.bit" 
12:33:57.633 INFO  - FPGA configured successfully with bitstream "/home/ise/ise_proj/puf_s6/edk/puf_platform/download.bit" 
12:50:36.670 INFO  - FPGA configured successfully with bitstream "/home/ise/ise_proj/puf_s6/edk/puf_platform/download.bit" 
12:57:35.289 INFO  - FPGA configured successfully with bitstream "/home/ise/ise_proj/puf_s6/edk/puf_platform/download.bit" 
13:05:04.393 INFO  - FPGA configured successfully with bitstream "/home/ise/ise_proj/puf_s6/edk/puf_platform/download.bit" 
13:25:14.338 INFO  - FPGA configured successfully with bitstream "/home/ise/ise_proj/puf_s6/edk/puf_platform/download.bit" 
13:32:11.806 INFO  - FPGA configured successfully with bitstream "/home/ise/ise_proj/puf_s6/edk/puf_platform/download.bit" 
15:12:16.436 ERROR - Unexpected error while parsing XMD response ￿: com.google.gson.JsonSyntaxException: com.google.gson.stream.MalformedJsonException: invalid number or unquoted string near  
15:36:40.103 INFO  - Project puf_platform's source hardware specification located at /home/ise/ise_proj/puf_s6/puf_proj/puf_proj.srcs/sources_1/ip/microblaze_mcs_v1_4_0/microblaze_mcs_v1_4_0_sdk.xml is now different from the local copy.
		 The local copy will be replaced with the source specification and your workspace will be updated. 
15:36:42.412 INFO  - Copied contents of /home/ise/ise_proj/puf_s6/puf_proj/puf_proj.srcs/sources_1/ip/microblaze_mcs_v1_4_0/microblaze_mcs_v1_4_0_sdk.xml into /puf_platform/system.xml. 
15:36:42.420 INFO  - Copied contents of /home/ise/ise_proj/puf_s6/puf_proj/puf_proj.srcs/sources_1/ip/microblaze_mcs_v1_4_0/microblaze_mcs_v1_4_0.bmm into /puf_platform/system_bd.bmm. 
15:36:42.557 INFO  - Synchronizing projects in the workspace with the hardware platform specification changes. 
15:36:44.266 INFO  - Updating hardware inferred compiler options for puf_single. 
15:36:44.339 INFO  - Clearing existing target manager status. 
15:39:31.414 INFO  - FPGA configured successfully with bitstream "/home/ise/ise_proj/puf_s6/edk/puf_platform/download.bit" 
15:40:58.451 INFO  - FPGA configured successfully with bitstream "/home/ise/ise_proj/puf_s6/edk/puf_platform/download.bit" 
15:41:42.030 INFO  - System reset is completed. 
15:42:08.273 INFO  - System reset is completed. 
15:45:44.042 INFO  - microblaze_mcs_v1_4_0 Processor is in use. Please stop existing Run or Debug sessions before launching. 
15:45:47.812 INFO  - System reset is completed. 
15:47:30.022 INFO  - System reset is completed. 
17:09:39.615 ERROR - Unexpected error while parsing XMD response ￿: com.google.gson.JsonSyntaxException: com.google.gson.stream.MalformedJsonException: invalid number or unquoted string near  
09:14:42.080 INFO  - Project puf_platform's source hardware specification located at /home/ise/ise_proj/puf_s6/puf_proj/puf_proj.srcs/sources_1/ip/microblaze_mcs_v1_4_0/microblaze_mcs_v1_4_0_sdk.xml is now different from the local copy.
		 The local copy will be replaced with the source specification and your workspace will be updated. 
09:19:03.613 INFO  - Copied contents of /home/ise/ise_proj/puf_s6/puf_proj/puf_proj.srcs/sources_1/ip/microblaze_mcs_v1_4_0/microblaze_mcs_v1_4_0_sdk.xml into /puf_platform/system.xml. 
09:19:03.620 INFO  - Copied contents of /home/ise/ise_proj/puf_s6/puf_proj/puf_proj.srcs/sources_1/ip/microblaze_mcs_v1_4_0/microblaze_mcs_v1_4_0.bmm into /puf_platform/system_bd.bmm. 
09:19:03.757 INFO  - Synchronizing projects in the workspace with the hardware platform specification changes. 
09:19:05.547 INFO  - Updating hardware inferred compiler options for puf_multi. 
09:19:05.638 INFO  - Clearing existing target manager status. 
09:19:06.894 ERROR - Unexpected error while obtaining referenced S/W project {} org.eclipse.core.internal.resources.ResourceException: Resource '/puf_single' is not open.
	at org.eclipse.core.internal.resources.Project.checkAccessible(Project.java:150)
	at org.eclipse.core.internal.resources.Project.getReferencedProjects(Project.java:521)

09:19:06.895 INFO  - Closing and re-opening the MSS file of ther project puf_single_bsp 
09:19:07.010 INFO  - Closing and re-opening the MSS file of ther project puf_single_bsp 
09:19:07.109 INFO  - Closing and re-opening the MSS file of ther project puf_single_bsp 
09:19:08.208 INFO  - Workspace synchronized with the new hardware specification file. Cleaning dependent projects... 
09:20:50.837 ERROR - Unexpected error while parsing XMD response ￿: com.google.gson.JsonSyntaxException: com.google.gson.stream.MalformedJsonException: invalid number or unquoted string near  
11:49:22.536 INFO  - Project puf_platform's source hardware specification located at /home/ise/ise_proj/puf_s6/puf_proj/puf_proj.srcs/sources_1/ip/microblaze_mcs_v1_4_0/microblaze_mcs_v1_4_0_sdk.xml is now different from the local copy.
		 The local copy will be replaced with the source specification and your workspace will be updated. 
12:19:01.797 INFO  - Copied contents of /home/ise/ise_proj/puf_s6/puf_proj/puf_proj.srcs/sources_1/ip/microblaze_mcs_v1_4_0/microblaze_mcs_v1_4_0_sdk.xml into /puf_platform/system.xml. 
12:19:01.802 INFO  - Copied contents of /home/ise/ise_proj/puf_s6/puf_proj/puf_proj.srcs/sources_1/ip/microblaze_mcs_v1_4_0/microblaze_mcs_v1_4_0.bmm into /puf_platform/system_bd.bmm. 
12:19:02.005 INFO  - Synchronizing projects in the workspace with the hardware platform specification changes. 
12:19:03.622 INFO  - Updating hardware inferred compiler options for puf_multi. 
12:19:03.702 INFO  - Clearing existing target manager status. 
12:19:04.952 ERROR - Unexpected error while obtaining referenced S/W project {} org.eclipse.core.internal.resources.ResourceException: Resource '/puf_single' is not open.
	at org.eclipse.core.internal.resources.Project.checkAccessible(Project.java:150)
	at org.eclipse.core.internal.resources.Project.getReferencedProjects(Project.java:521)

12:19:04.953 INFO  - Closing and re-opening the MSS file of ther project puf_single_bsp 
12:19:05.073 INFO  - Closing and re-opening the MSS file of ther project puf_single_bsp 
12:19:06.183 INFO  - Workspace synchronized with the new hardware specification file. Cleaning dependent projects... 
12:24:54.874 INFO  - Project puf_platform's source hardware specification located at /home/ise/ise_proj/puf_s6/puf_proj/puf_proj.srcs/sources_1/ip/microblaze_mcs_v1_4_0/microblaze_mcs_v1_4_0_sdk.xml is now different from the local copy.
		 The local copy will be replaced with the source specification and your workspace will be updated. 
12:26:35.456 INFO  - Copied contents of /home/ise/ise_proj/puf_s6/puf_proj/puf_proj.srcs/sources_1/ip/microblaze_mcs_v1_4_0/microblaze_mcs_v1_4_0_sdk.xml into /puf_platform/system.xml. 
12:26:35.462 INFO  - Copied contents of /home/ise/ise_proj/puf_s6/puf_proj/puf_proj.srcs/sources_1/ip/microblaze_mcs_v1_4_0/microblaze_mcs_v1_4_0.bmm into /puf_platform/system_bd.bmm. 
12:26:35.592 INFO  - Synchronizing projects in the workspace with the hardware platform specification changes. 
12:26:37.662 INFO  - Updating hardware inferred compiler options for puf_multi. 
12:26:37.755 INFO  - Clearing existing target manager status. 
12:26:37.761 ERROR - Unexpected error while obtaining referenced S/W project {} org.eclipse.core.internal.resources.ResourceException: Resource '/puf_single' is not open.
	at org.eclipse.core.internal.resources.Project.checkAccessible(Project.java:150)
	at org.eclipse.core.internal.resources.Project.getReferencedProjects(Project.java:521)

12:26:38.766 INFO  - Workspace synchronized with the new hardware specification file. Cleaning dependent projects... 
12:37:50.872 INFO  - FPGA configured successfully with bitstream "/home/ise/ise_proj/puf_s6/edk/puf_platform/download.bit" 
12:39:00.900 INFO  - System reset is completed. 
14:55:42.194 INFO  - FPGA configured successfully with bitstream "/home/ise/ise_proj/puf_s6/edk/puf_platform/download.bit" 
15:01:24.733 INFO  - System reset is completed. 
15:03:51.497 INFO  - System reset is completed. 
15:05:51.961 INFO  - System reset is completed. 
15:10:55.484 INFO  - System reset is completed. 
16:10:27.806 INFO  - microblaze_mcs_v1_4_0 Processor is in use. Please stop existing Run or Debug sessions before launching. 
16:10:30.462 INFO  - System reset is completed. 
17:25:34.849 ERROR - Unexpected error while parsing XMD response ￿: com.google.gson.JsonSyntaxException: com.google.gson.stream.MalformedJsonException: invalid number or unquoted string near  
