
*** Running xst
    with args -ifn toplevel.xst -ofn toplevel.srp -intstyle ise

Reading design: toplevel.prj

=========================================================================
*                          HDL Parsing                                  *
=========================================================================
Parsing VHDL file "/home/ise/ise_proj/puf_s6/puf_proj/puf_proj.srcs/sources_1/imports/impl/mux.vhd" into library work
Parsing entity <mux>.
Parsing architecture <behavioral> of entity <mux>.
Parsing architecture <clb_prim_f7> of entity <mux>.
Parsing architecture <clb_prim_f8> of entity <mux>.
Parsing VHDL file "/home/ise/ise_proj/puf_s6/puf_proj/puf_proj.srcs/sources_1/imports/impl/mux_array.vhd" into library work
Parsing entity <mux_array>.
Parsing architecture <rtl> of entity <mux_array>.
Parsing VHDL file "/home/ise/ise_proj/puf_s6/puf_proj/puf_proj.srcs/sources_1/imports/impl/arbiter_puf.vhd" into library work
Parsing entity <arbiter_puf>.
Parsing architecture <rtl> of entity <arbiter_puf>.
Parsing VHDL file "/home/ise/ise_proj/puf_s6/puf_proj/puf_proj.srcs/sources_1/ip/microblaze_mcs_v1_4_0/microblaze_mcs_v1_4_0.vhd" into library work
Parsing VHDL file "/home/ise/ise_proj/puf_s6/puf_proj/puf_proj.srcs/sources_1/imports/impl/apuf_multi.vhd" into library work
Parsing entity <apuf_multi>.
Parsing architecture <rtl> of entity <apuf_multi>.
Parsing VHDL file "/home/ise/ise_proj/puf_s6/puf_proj/puf_proj.srcs/sources_1/imports/impl/toplevel.vhd" into library work
Parsing entity <toplevel>.
Parsing architecture <multi_apuf> of entity <toplevel>.
WARNING:HDLCompiler:946 - "/home/ise/ise_proj/puf_s6/puf_proj/puf_proj.srcs/sources_1/imports/impl/toplevel.vhd" Line 66: Actual for formal port reset is neither a static name nor a globally static expression

=========================================================================
*                            HDL Elaboration                            *
=========================================================================

Elaborating entity <toplevel> (architecture <multi_apuf>) from library <work>.
WARNING:HDLCompiler:89 - "/home/ise/ise_proj/puf_s6/puf_proj/puf_proj.srcs/sources_1/imports/impl/toplevel.vhd" Line 48: <microblaze_mcs_v1_4_0> remains a black-box since it has no binding entity.

Elaborating entity <apuf_multi> (architecture <rtl>) with generics from library <work>.

Elaborating entity <arbiter_puf> (architecture <rtl>) with generics from library <work>.

Elaborating entity <mux_array> (architecture <rtl>) with generics from library <work>.

Elaborating entity <mux> (architecture <clb_prim_f7>) from library <work>.

=========================================================================
*                           HDL Synthesis                               *
=========================================================================

Synthesizing Unit <toplevel>.
    Related source file is "/home/ise/ise_proj/puf_s6/puf_proj/puf_proj.srcs/sources_1/imports/impl/toplevel.vhd".
INFO:Xst:3210 - "/home/ise/ise_proj/puf_s6/puf_proj/puf_proj.srcs/sources_1/imports/impl/toplevel.vhd" line 62: Output port <gpi1_interrupt> of the instance <mcs_0> is unconnected or connected to loadless signal.
    Summary:
	no macro.
Unit <toplevel> synthesized.

Synthesizing Unit <apuf_multi>.
    Related source file is "/home/ise/ise_proj/puf_s6/puf_proj/puf_proj.srcs/sources_1/imports/impl/apuf_multi.vhd".
        challenge_width = 16
        response_width = 8
    Summary:
	no macro.
Unit <apuf_multi> synthesized.

Synthesizing Unit <arbiter_puf>.
    Related source file is "/home/ise/ise_proj/puf_s6/puf_proj/puf_proj.srcs/sources_1/imports/impl/arbiter_puf.vhd".
        puf_length = 16
    Set property "KEEP_HIERARCHY = YES".
WARNING:Xst:3136 - Property "keep_hierarchy" (value "yes") has not been applied on proper HDL object.
    Summary:
	no macro.
Unit <arbiter_puf> synthesized.

Synthesizing Unit <mux_array>.
    Related source file is "/home/ise/ise_proj/puf_s6/puf_proj/puf_proj.srcs/sources_1/imports/impl/mux_array.vhd".
        arr_length = 16
    Set property "KEEP_HIERARCHY = YES".
    Summary:
	no macro.
Unit <mux_array> synthesized.

Synthesizing Unit <mux>.
    Related source file is "/home/ise/ise_proj/puf_s6/puf_proj/puf_proj.srcs/sources_1/imports/impl/mux.vhd".
    Summary:
	no macro.
Unit <mux> synthesized.

=========================================================================
HDL Synthesis Report

Found no macro
=========================================================================

=========================================================================
*                       Advanced HDL Synthesis                          *
=========================================================================

Reading core <../../puf_proj.srcs/sources_1/ip/microblaze_mcs_v1_4_0/microblaze_mcs_v1_4_0.ngc>.
Loading core <microblaze_mcs_v1_4_0> for timing and area information for instance <mcs_0>.

=========================================================================
Advanced HDL Synthesis Report

Macro Statistics
# Registers                                            : 16
 Flip-Flops                                            : 16

=========================================================================

=========================================================================
*                         Low Level Synthesis                           *
=========================================================================

Optimizing unit <arbiter_puf> ...

Optimizing unit <mux_array> ...

Optimizing unit <mux> ...

Optimizing unit <toplevel> ...

Mapping all equations...
Building and optimizing final netlist ...
Found area constraint ratio of 100 (+ 0) on block toplevel, actual ratio is 6.
WARNING:Xst:387 - The KEEP property attached to the net <mcs_0/U0/Debug.mdm_0/MDM_Core_I1/JTAG_CONTROL_I/Insert_Delays[4].local_sel_n> may hinder timing optimization.
   You may achieve better results by removing this property
WARNING:Xst:387 - The KEEP property attached to the net <mcs_0/U0/Debug.mdm_0/MDM_Core_I1/JTAG_CONTROL_I/Insert_Delays[3].local_sel_n> may hinder timing optimization.
   You may achieve better results by removing this property
WARNING:Xst:387 - The KEEP property attached to the net <mcs_0/U0/Debug.mdm_0/MDM_Core_I1/JTAG_CONTROL_I/Insert_Delays[2].local_sel_n> may hinder timing optimization.
   You may achieve better results by removing this property
WARNING:Xst:387 - The KEEP property attached to the net <mcs_0/U0/Debug.mdm_0/MDM_Core_I1/JTAG_CONTROL_I/Insert_Delays[1].local_sel_n> may hinder timing optimization.
   You may achieve better results by removing this property
WARNING:Xst:387 - The KEEP property attached to the net <mcs_0/U0/Debug.mdm_0/MDM_Core_I1/JTAG_CONTROL_I/Insert_Delays[0].local_sel_n> may hinder timing optimization.
   You may achieve better results by removing this property
INFO:Xst:2260 - The FF/Latch <U0/ilmb/POR_FF_I> in Unit <mcs_0> is equivalent to the following FF/Latch : <U0/dlmb/POR_FF_I> 
INFO:Xst:2260 - The FF/Latch <U0/iomodule_0/IOModule_Core_I1/intr_ctrl_I1/cipr_rd_dff_all[31].fdr_i> in Unit <mcs_0> is equivalent to the following 31 FFs/Latches : <U0/iomodule_0/IOModule_Core_I1/intr_ctrl_I1/cipr_rd_dff_all[30].fdr_i> <U0/iomodule_0/IOModule_Core_I1/intr_ctrl_I1/cipr_rd_dff_all[29].fdr_i> <U0/iomodule_0/IOModule_Core_I1/intr_ctrl_I1/cipr_rd_dff_all[28].fdr_i> <U0/iomodule_0/IOModule_Core_I1/intr_ctrl_I1/cipr_rd_dff_all[27].fdr_i> <U0/iomodule_0/IOModule_Core_I1/intr_ctrl_I1/cipr_rd_dff_all[26].fdr_i> <U0/iomodule_0/IOModule_Core_I1/intr_ctrl_I1/cipr_rd_dff_all[25].fdr_i> <U0/iomodule_0/IOModule_Core_I1/intr_ctrl_I1/cipr_rd_dff_all[24].fdr_i> <U0/iomodule_0/IOModule_Core_I1/intr_ctrl_I1/cipr_rd_dff_all[23].fdr_i> <U0/iomodule_0/IOModule_Core_I1/intr_ctrl_I1/cipr_rd_dff_all[22].fdr_i> <U0/iomodule_0/IOModule_Core_I1/intr_ctrl_I1/cipr_rd_dff_all[21].fdr_i> <U0/iomodule_0/IOModule_Core_I1/intr_ctrl_I1/cipr_rd_dff_all[20].fdr_i>
   <U0/iomodule_0/IOModule_Core_I1/intr_ctrl_I1/cipr_rd_dff_all[19].fdr_i> <U0/iomodule_0/IOModule_Core_I1/intr_ctrl_I1/cipr_rd_dff_all[18].fdr_i> <U0/iomodule_0/IOModule_Core_I1/intr_ctrl_I1/cipr_rd_dff_all[17].fdr_i> <U0/iomodule_0/IOModule_Core_I1/intr_ctrl_I1/cipr_rd_dff_all[16].fdr_i> <U0/iomodule_0/IOModule_Core_I1/intr_ctrl_I1/cipr_rd_dff_all[15].fdr_i> <U0/iomodule_0/IOModule_Core_I1/intr_ctrl_I1/cipr_rd_dff_all[14].fdr_i> <U0/iomodule_0/IOModule_Core_I1/intr_ctrl_I1/cipr_rd_dff_all[13].fdr_i> <U0/iomodule_0/IOModule_Core_I1/intr_ctrl_I1/cipr_rd_dff_all[12].fdr_i> <U0/iomodule_0/IOModule_Core_I1/intr_ctrl_I1/cipr_rd_dff_all[11].fdr_i> <U0/iomodule_0/IOModule_Core_I1/intr_ctrl_I1/cipr_rd_dff_all[10].fdr_i> <U0/iomodule_0/IOModule_Core_I1/intr_ctrl_I1/cipr_rd_dff_all[9].fdr_i> <U0/iomodule_0/IOModule_Core_I1/intr_ctrl_I1/cipr_rd_dff_all[8].fdr_i> <U0/iomodule_0/IOModule_Core_I1/intr_ctrl_I1/cipr_rd_dff_all[7].fdr_i> <U0/iomodule_0/IOModule_Core_I1/intr_ctrl_I1/cipr_rd_dff_all[6].fdr_i>
   <U0/iomodule_0/IOModule_Core_I1/intr_ctrl_I1/cipr_rd_dff_all[5].fdr_i> <U0/iomodule_0/IOModule_Core_I1/intr_ctrl_I1/cipr_rd_dff_all[4].fdr_i> <U0/iomodule_0/IOModule_Core_I1/intr_ctrl_I1/cipr_rd_dff_all[3].fdr_i> <U0/iomodule_0/IOModule_Core_I1/intr_ctrl_I1/cipr_rd_dff_all[2].fdr_i> <U0/iomodule_0/IOModule_Core_I1/intr_ctrl_I1/cipr_rd_dff_all[1].fdr_i> <U0/iomodule_0/IOModule_Core_I1/intr_ctrl_I1/cipr_rd_dff_all[0].fdr_i> 
INFO:Xst:2260 - The FF/Latch <U0/ilmb/POR_FF_I> in Unit <mcs_0> is equivalent to the following FF/Latch : <U0/dlmb/POR_FF_I> 
INFO:Xst:2260 - The FF/Latch <U0/iomodule_0/IOModule_Core_I1/intr_ctrl_I1/cipr_rd_dff_all[31].fdr_i> in Unit <mcs_0> is equivalent to the following 31 FFs/Latches : <U0/iomodule_0/IOModule_Core_I1/intr_ctrl_I1/cipr_rd_dff_all[30].fdr_i> <U0/iomodule_0/IOModule_Core_I1/intr_ctrl_I1/cipr_rd_dff_all[29].fdr_i> <U0/iomodule_0/IOModule_Core_I1/intr_ctrl_I1/cipr_rd_dff_all[28].fdr_i> <U0/iomodule_0/IOModule_Core_I1/intr_ctrl_I1/cipr_rd_dff_all[27].fdr_i> <U0/iomodule_0/IOModule_Core_I1/intr_ctrl_I1/cipr_rd_dff_all[26].fdr_i> <U0/iomodule_0/IOModule_Core_I1/intr_ctrl_I1/cipr_rd_dff_all[25].fdr_i> <U0/iomodule_0/IOModule_Core_I1/intr_ctrl_I1/cipr_rd_dff_all[24].fdr_i> <U0/iomodule_0/IOModule_Core_I1/intr_ctrl_I1/cipr_rd_dff_all[23].fdr_i> <U0/iomodule_0/IOModule_Core_I1/intr_ctrl_I1/cipr_rd_dff_all[22].fdr_i> <U0/iomodule_0/IOModule_Core_I1/intr_ctrl_I1/cipr_rd_dff_all[21].fdr_i> <U0/iomodule_0/IOModule_Core_I1/intr_ctrl_I1/cipr_rd_dff_all[20].fdr_i>
   <U0/iomodule_0/IOModule_Core_I1/intr_ctrl_I1/cipr_rd_dff_all[19].fdr_i> <U0/iomodule_0/IOModule_Core_I1/intr_ctrl_I1/cipr_rd_dff_all[18].fdr_i> <U0/iomodule_0/IOModule_Core_I1/intr_ctrl_I1/cipr_rd_dff_all[17].fdr_i> <U0/iomodule_0/IOModule_Core_I1/intr_ctrl_I1/cipr_rd_dff_all[16].fdr_i> <U0/iomodule_0/IOModule_Core_I1/intr_ctrl_I1/cipr_rd_dff_all[15].fdr_i> <U0/iomodule_0/IOModule_Core_I1/intr_ctrl_I1/cipr_rd_dff_all[14].fdr_i> <U0/iomodule_0/IOModule_Core_I1/intr_ctrl_I1/cipr_rd_dff_all[13].fdr_i> <U0/iomodule_0/IOModule_Core_I1/intr_ctrl_I1/cipr_rd_dff_all[12].fdr_i> <U0/iomodule_0/IOModule_Core_I1/intr_ctrl_I1/cipr_rd_dff_all[11].fdr_i> <U0/iomodule_0/IOModule_Core_I1/intr_ctrl_I1/cipr_rd_dff_all[10].fdr_i> <U0/iomodule_0/IOModule_Core_I1/intr_ctrl_I1/cipr_rd_dff_all[9].fdr_i> <U0/iomodule_0/IOModule_Core_I1/intr_ctrl_I1/cipr_rd_dff_all[8].fdr_i> <U0/iomodule_0/IOModule_Core_I1/intr_ctrl_I1/cipr_rd_dff_all[7].fdr_i> <U0/iomodule_0/IOModule_Core_I1/intr_ctrl_I1/cipr_rd_dff_all[6].fdr_i>
   <U0/iomodule_0/IOModule_Core_I1/intr_ctrl_I1/cipr_rd_dff_all[5].fdr_i> <U0/iomodule_0/IOModule_Core_I1/intr_ctrl_I1/cipr_rd_dff_all[4].fdr_i> <U0/iomodule_0/IOModule_Core_I1/intr_ctrl_I1/cipr_rd_dff_all[3].fdr_i> <U0/iomodule_0/IOModule_Core_I1/intr_ctrl_I1/cipr_rd_dff_all[2].fdr_i> <U0/iomodule_0/IOModule_Core_I1/intr_ctrl_I1/cipr_rd_dff_all[1].fdr_i> <U0/iomodule_0/IOModule_Core_I1/intr_ctrl_I1/cipr_rd_dff_all[0].fdr_i> 

Final Macro Processing ...

=========================================================================
Final Register Report

Macro Statistics
# Registers                                            : 16
 Flip-Flops                                            : 16

=========================================================================

=========================================================================
*                           Partition Report                            *
=========================================================================

Partition Implementation Status
-------------------------------

  No Partitions were found in this design.

-------------------------------

=========================================================================
*                            Design Summary                             *
=========================================================================

Clock Information:
------------------
---------------------------------------------------------------------------------------------------------------------------------------------------------------------------+--------------------------------------------------------------------------------------------------------------+-------+
Clock Signal                                                                                                                                                               | Clock buffer(FF name)                                                                                        | Load  |
---------------------------------------------------------------------------------------------------------------------------------------------------------------------------+--------------------------------------------------------------------------------------------------------------+-------+
i_clk                                                                                                                                                                      | BUFGP                                                                                                        | 624   |
mcs_0/U0/Debug.mdm_0/drck_i                                                                                                                                                | BUFG                                                                                                         | 209   |
mcs_0/U0/Debug.mdm_0/update                                                                                                                                                | NONE(mcs_0/U0/microblaze_I/MicroBlaze_Core_I/Area.Implement_Debug_Logic.Master_Core.Debug_Area/command_reg_0)| 40    |
mcs_0/gpi1_interrupt                                                                                                                                                       | NONE(mcs_0/U0/Debug.mdm_0/MDM_Core_I1/PLB_Interconnect.PLBv46_rdDBus_DFF[31].PLBv46_rdBus_FDRE)              | 34    |
apuf_multi_inst_1/apuf_array[7].apuf_instance/mux_array_inst/o_out2(apuf_multi_inst_1/apuf_array[7].apuf_instance/mux_array_inst/array_gen[15].mux_instance_odd/mux_inst:O)| NONE(*)(apuf_multi_inst_1/apuf_array[7].apuf_instance/d_trig_inst)                                           | 1     |
apuf_multi_inst_1/apuf_array[6].apuf_instance/mux_array_inst/o_out2(apuf_multi_inst_1/apuf_array[6].apuf_instance/mux_array_inst/array_gen[15].mux_instance_odd/mux_inst:O)| NONE(*)(apuf_multi_inst_1/apuf_array[6].apuf_instance/d_trig_inst)                                           | 1     |
apuf_multi_inst_1/apuf_array[5].apuf_instance/mux_array_inst/o_out2(apuf_multi_inst_1/apuf_array[5].apuf_instance/mux_array_inst/array_gen[15].mux_instance_odd/mux_inst:O)| NONE(*)(apuf_multi_inst_1/apuf_array[5].apuf_instance/d_trig_inst)                                           | 1     |
apuf_multi_inst_1/apuf_array[4].apuf_instance/mux_array_inst/o_out2(apuf_multi_inst_1/apuf_array[4].apuf_instance/mux_array_inst/array_gen[15].mux_instance_odd/mux_inst:O)| NONE(*)(apuf_multi_inst_1/apuf_array[4].apuf_instance/d_trig_inst)                                           | 1     |
apuf_multi_inst_1/apuf_array[3].apuf_instance/mux_array_inst/o_out2(apuf_multi_inst_1/apuf_array[3].apuf_instance/mux_array_inst/array_gen[15].mux_instance_odd/mux_inst:O)| NONE(*)(apuf_multi_inst_1/apuf_array[3].apuf_instance/d_trig_inst)                                           | 1     |
apuf_multi_inst_1/apuf_array[2].apuf_instance/mux_array_inst/o_out2(apuf_multi_inst_1/apuf_array[2].apuf_instance/mux_array_inst/array_gen[15].mux_instance_odd/mux_inst:O)| NONE(*)(apuf_multi_inst_1/apuf_array[2].apuf_instance/d_trig_inst)                                           | 1     |
apuf_multi_inst_1/apuf_array[1].apuf_instance/mux_array_inst/o_out2(apuf_multi_inst_1/apuf_array[1].apuf_instance/mux_array_inst/array_gen[15].mux_instance_odd/mux_inst:O)| NONE(*)(apuf_multi_inst_1/apuf_array[1].apuf_instance/d_trig_inst)                                           | 1     |
apuf_multi_inst_1/apuf_array[0].apuf_instance/mux_array_inst/o_out2(apuf_multi_inst_1/apuf_array[0].apuf_instance/mux_array_inst/array_gen[15].mux_instance_odd/mux_inst:O)| NONE(*)(apuf_multi_inst_1/apuf_array[0].apuf_instance/d_trig_inst)                                           | 1     |
apuf_multi_inst_2/apuf_array[7].apuf_instance/mux_array_inst/o_out2(apuf_multi_inst_2/apuf_array[7].apuf_instance/mux_array_inst/array_gen[15].mux_instance_odd/mux_inst:O)| NONE(*)(apuf_multi_inst_2/apuf_array[7].apuf_instance/d_trig_inst)                                           | 1     |
apuf_multi_inst_2/apuf_array[6].apuf_instance/mux_array_inst/o_out2(apuf_multi_inst_2/apuf_array[6].apuf_instance/mux_array_inst/array_gen[15].mux_instance_odd/mux_inst:O)| NONE(*)(apuf_multi_inst_2/apuf_array[6].apuf_instance/d_trig_inst)                                           | 1     |
apuf_multi_inst_2/apuf_array[5].apuf_instance/mux_array_inst/o_out2(apuf_multi_inst_2/apuf_array[5].apuf_instance/mux_array_inst/array_gen[15].mux_instance_odd/mux_inst:O)| NONE(*)(apuf_multi_inst_2/apuf_array[5].apuf_instance/d_trig_inst)                                           | 1     |
apuf_multi_inst_2/apuf_array[4].apuf_instance/mux_array_inst/o_out2(apuf_multi_inst_2/apuf_array[4].apuf_instance/mux_array_inst/array_gen[15].mux_instance_odd/mux_inst:O)| NONE(*)(apuf_multi_inst_2/apuf_array[4].apuf_instance/d_trig_inst)                                           | 1     |
apuf_multi_inst_2/apuf_array[3].apuf_instance/mux_array_inst/o_out2(apuf_multi_inst_2/apuf_array[3].apuf_instance/mux_array_inst/array_gen[15].mux_instance_odd/mux_inst:O)| NONE(*)(apuf_multi_inst_2/apuf_array[3].apuf_instance/d_trig_inst)                                           | 1     |
apuf_multi_inst_2/apuf_array[2].apuf_instance/mux_array_inst/o_out2(apuf_multi_inst_2/apuf_array[2].apuf_instance/mux_array_inst/array_gen[15].mux_instance_odd/mux_inst:O)| NONE(*)(apuf_multi_inst_2/apuf_array[2].apuf_instance/d_trig_inst)                                           | 1     |
apuf_multi_inst_2/apuf_array[1].apuf_instance/mux_array_inst/o_out2(apuf_multi_inst_2/apuf_array[1].apuf_instance/mux_array_inst/array_gen[15].mux_instance_odd/mux_inst:O)| NONE(*)(apuf_multi_inst_2/apuf_array[1].apuf_instance/d_trig_inst)                                           | 1     |
apuf_multi_inst_2/apuf_array[0].apuf_instance/mux_array_inst/o_out2(apuf_multi_inst_2/apuf_array[0].apuf_instance/mux_array_inst/array_gen[15].mux_instance_odd/mux_inst:O)| NONE(*)(apuf_multi_inst_2/apuf_array[0].apuf_instance/d_trig_inst)                                           | 1     |
---------------------------------------------------------------------------------------------------------------------------------------------------------------------------+--------------------------------------------------------------------------------------------------------------+-------+
(*) These 16 clock signal(s) are generated by combinatorial logic,
and XST is not able to identify which are the primary clock signals.
Please use the CLOCK_SIGNAL constraint to specify the clock signal(s) generated by combinatorial logic.
INFO:Xst:2169 - HDL ADVISOR - Some clock signals were not automatically buffered by XST with BUFG/BUFR resources. Please use the buffer_type constraint in order to insert these buffers to the clock signals to help prevent skew problems.

Asynchronous Control Signals Information:
----------------------------------------
No asynchronous control signals found in this design

Timing Summary:
---------------
Speed Grade: -2

   Minimum period: 9.866ns (Maximum Frequency: 101.358MHz)
   Minimum input arrival time before clock: 8.640ns
   Maximum output required time after clock: 7.719ns
   Maximum combinational path delay: No path found

=========================================================================
