
Xilinx Platform Studio
Xilinx EDK 14.7 Build EDK_P.20131013
Copyright (c) 1995-2012 Xilinx, Inc.  All rights reserved.

XPS% Evaluating file
/home/ise/ise_proj/puf_s6/src/ip/ublaze/__xps/pa/_ublaze_set_prop.tcl

Overriding IP level properties ...
INFO:EDK - IPNAME: axi_intc, INSTANCE:microblaze_0_intc - tcl is overriding
   PARAMETER C_NUM_INTR_INPUTS value to 4 -
   /opt/Xilinx/14.7/ISE_DS/EDK/hw/XilinxProcessorIPLib/pcores/axi_intc_v1_04_a/d
   ata/axi_intc_v2_1_0.mpd line 85 
INFO:EDK - IPNAME: microblaze, INSTANCE:microblaze_0 - tcl is overriding
   PARAMETER C_ENDIANNESS value to 1 -
   /opt/Xilinx/14.7/ISE_DS/EDK/hw/XilinxProcessorIPLib/pcores/microblaze_v8_50_c
   /data/microblaze_v2_1_0.mpd line 198 
INFO:EDK - IPNAME: microblaze, INSTANCE:microblaze_0 - tcl is overriding
   PARAMETER C_ICACHE_USE_FSL value to 0 -
   /opt/Xilinx/14.7/ISE_DS/EDK/hw/XilinxProcessorIPLib/pcores/microblaze_v8_50_c
   /data/microblaze_v2_1_0.mpd line 339 
INFO:EDK - IPNAME: microblaze, INSTANCE:microblaze_0 - tcl is overriding
   PARAMETER C_DCACHE_USE_FSL value to 0 -
   /opt/Xilinx/14.7/ISE_DS/EDK/hw/XilinxProcessorIPLib/pcores/microblaze_v8_50_c
   /data/microblaze_v2_1_0.mpd line 369 
INFO:EDK - IPNAME: axi_interconnect, INSTANCE:axi4lite_0 - tcl is overriding
   PARAMETER C_BASEFAMILY value to spartan6 -
   /opt/Xilinx/14.7/ISE_DS/EDK/hw/XilinxProcessorIPLib/pcores/axi_interconnect_v
   1_06_a/data/axi_interconnect_v2_1_0.mpd line 81 

Computing clock values...
INFO:EDK - Cannot determine the input clock associated with port :
   microblaze_0_i_bram_ctrl:BRAM_Clk_A. Clock DRCs will not be performed on this
   core and cores connected to it. 
INFO:EDK - Cannot determine the input clock associated with port :
   microblaze_0_d_bram_ctrl:BRAM_Clk_A. Clock DRCs will not be performed on this
   core and cores connected to it. 

Performing IP level DRCs on properties...

Running DRC Tcl procedures for OPTION IPLEVEL_DRC_PROC...
Address Map for Processor microblaze_0
  (0000000000-0x00003fff) microblaze_0_d_bram_ctrl	microblaze_0_dlmb
  (0000000000-0x00003fff) microblaze_0_i_bram_ctrl	microblaze_0_ilmb
  (0x40000000-0x4000ffff) Generic_GPIO	axi4lite_0
  (0x40600000-0x4060ffff) RS232	axi4lite_0
  (0x41200000-0x4120ffff) microblaze_0_intc	axi4lite_0
  (0x41400000-0x4140ffff) debug_module	axi4lite_0
  (0x41c00000-0x41c0ffff) axi_timer_0	axi4lite_0
INFO:EDK - IPNAME: lmb_v10, INSTANCE:microblaze_0_ilmb - tool is overriding
   PARAMETER C_LMB_NUM_SLAVES value to 1 -
   /opt/Xilinx/14.7/ISE_DS/EDK/hw/XilinxProcessorIPLib/pcores/lmb_v10_v2_00_b/da
   ta/lmb_v10_v2_1_0.mpd line 82 
INFO:EDK - IPNAME: lmb_v10, INSTANCE:microblaze_0_dlmb - tool is overriding
   PARAMETER C_LMB_NUM_SLAVES value to 1 -
   /opt/Xilinx/14.7/ISE_DS/EDK/hw/XilinxProcessorIPLib/pcores/lmb_v10_v2_00_b/da
   ta/lmb_v10_v2_1_0.mpd line 82 
INFO:EDK - IPNAME: bram_block, INSTANCE:microblaze_0_bram_block - tool is
   overriding PARAMETER C_MEMSIZE value to 0x4000 -
   /opt/Xilinx/14.7/ISE_DS/EDK/hw/XilinxProcessorIPLib/pcores/bram_block_v1_00_a
   /data/bram_block_v2_1_0.mpd line 78 

Checking platform address map ...
